<?xml version="1.0" encoding="UTF-8"?>
<!-- Generated by org.testng.reporters.JUnitReportReporter -->
<testsuite hostname="LAPTOP-D7OSHBCM" failures="0" tests="1" name="demoGit.Demo1" time="0.009" errors="0" timestamp="2022-03-12T13:22:15 IST" skipped="0">
  <testcase classname="demoGit.Demo1" name="git" time="0.009"/>
  <system-out/>
</testsuite> <!-- demoGit.Demo1 -->
