<?xml version="1.0" encoding="UTF-8"?>
<!-- Generated by org.testng.reporters.JUnitReportReporter -->
<testsuite hostname="LAPTOP-D7OSHBCM" failures="0" tests="1" name="demoGit.Demo" time="0.011" errors="0" timestamp="2022-03-10T15:17:05 IST" skipped="0">
  <testcase classname="demoGit.Demo" name="demo" time="0.011"/>
  <system-out/>
</testsuite> <!-- demoGit.Demo -->
